<?xml version="1.0" encoding="UTF-8"?>
<!-- Generated by org.testng.reporters.JUnitReportReporter -->
<testsuite hostname="NiwasKumar" failures="0" tests="5" name="tests.VerifyPositiveScenarioForBookTest" time="0.218" errors="0" timestamp="2025-07-28T23:18:55 IST" skipped="0">
  <testcase classname="tests.VerifyPositiveScenarioForBookTest" name="createBookInCollection" time="0.079"/>
  <testcase classname="tests.VerifyPositiveScenarioForBookTest" name="testGetAllBooks" time="0.039"/>
  <testcase classname="tests.VerifyPositiveScenarioForBookTest" name="updateBookInCollection" time="0.043"/>
  <testcase classname="tests.VerifyPositiveScenarioForBookTest" name="deleteBookFromCollection" time="0.035"/>
  <testcase classname="tests.VerifyPositiveScenarioForBookTest" name="checkIfBookDeleted" time="0.022"/>
</testsuite> <!-- tests.VerifyPositiveScenarioForBookTest -->
