<?xml version="1.0" encoding="UTF-8"?>
<!-- Generated by org.testng.reporters.JUnitReportReporter -->
<testsuite hostname="NiwasKumar" failures="0" tests="8" name="tests.VerifyNegativeScenarioUserAndBook" time="1.441" errors="0" timestamp="2025-07-28T23:18:55 IST" skipped="0">
  <testcase classname="tests.VerifyNegativeScenarioUserAndBook" name="testGenerateTokenInvalidCredentials" time="0.018"/>
  <testcase classname="tests.VerifyNegativeScenarioUserAndBook" name="testBookIsAdded" time="0.018"/>
  <testcase classname="tests.VerifyNegativeScenarioUserAndBook" name="createBookInCollection" time="0.018"/>
  <testcase classname="tests.VerifyNegativeScenarioUserAndBook" name="test_CreateUserWithInvalidPassword" time="0.665"/>
  <testcase classname="tests.VerifyNegativeScenarioUserAndBook" name="updateBookInCollection" time="0.042"/>
  <testcase classname="tests.VerifyNegativeScenarioUserAndBook" name="test_CreateUserWhenPayloadDataMissing" time="0.639"/>
  <testcase classname="tests.VerifyNegativeScenarioUserAndBook" name="deleteBookFromCollection" time="0.020"/>
  <testcase classname="tests.VerifyNegativeScenarioUserAndBook" name="checkIfBookDeleted" time="0.021"/>
</testsuite> <!-- tests.VerifyNegativeScenarioUserAndBook -->
