<?xml version="1.0" encoding="UTF-8"?>
<!-- Generated by org.testng.reporters.JUnitReportReporter -->
<testsuite hostname="NiwasKumar" failures="0" tests="3" name="tests.VerifyPositiveScenarioForUserAccountTest" time="2.431" errors="0" timestamp="2025-07-28T23:18:55 IST" skipped="0">
  <testcase classname="tests.VerifyPositiveScenarioForUserAccountTest" name="NewUserCreation" time="1.367"/>
  <testcase classname="tests.VerifyPositiveScenarioForUserAccountTest" name="GenerateNewTokentoAccessUser" time="1.040"/>
  <testcase classname="tests.VerifyPositiveScenarioForUserAccountTest" name="GetServerHealthStatus" time="0.024"/>
</testsuite> <!-- tests.VerifyPositiveScenarioForUserAccountTest -->
