<?xml version="1.0" encoding="UTF-8"?>
<!-- Generated by org.testng.reporters.JUnitReportReporter -->
<testsuite hostname="NiwasKumar" failures="0" tests="5" name="tests.VerifyPositiveScenarioForBookTest" time="0.225" errors="0" timestamp="2025-07-29T00:45:49 IST" skipped="0">
  <testcase classname="tests.VerifyPositiveScenarioForBookTest" name="createBookInCollection" time="0.085"/>
  <testcase classname="tests.VerifyPositiveScenarioForBookTest" name="testGetAllBooks" time="0.041"/>
  <testcase classname="tests.VerifyPositiveScenarioForBookTest" name="updateBookInCollection" time="0.046"/>
  <testcase classname="tests.VerifyPositiveScenarioForBookTest" name="deleteBookFromCollection" time="0.031"/>
  <testcase classname="tests.VerifyPositiveScenarioForBookTest" name="checkIfBookDeleted" time="0.022"/>
</testsuite> <!-- tests.VerifyPositiveScenarioForBookTest -->
