<?xml version="1.0" encoding="UTF-8"?>
<!-- Generated by org.testng.reporters.JUnitReportReporter -->
<testsuite hostname="NiwasKumar" failures="0" tests="3" name="tests.VerifyPositiveScenarioForUserAccountTest" time="3.043" errors="0" timestamp="2025-07-29T00:45:49 IST" skipped="0">
  <testcase classname="tests.VerifyPositiveScenarioForUserAccountTest" name="NewUserCreation" time="1.759"/>
  <testcase classname="tests.VerifyPositiveScenarioForUserAccountTest" name="GenerateNewTokentoAccessUser" time="1.254"/>
  <testcase classname="tests.VerifyPositiveScenarioForUserAccountTest" name="GetServerHealthStatus" time="0.030"/>
</testsuite> <!-- tests.VerifyPositiveScenarioForUserAccountTest -->
