<?xml version="1.0" encoding="UTF-8"?>
<!-- Generated by org.testng.reporters.JUnitReportReporter -->
<testsuite hostname="NiwasKumar" failures="0" tests="8" name="tests.VerifyNegativeScenarioUserAndBook" time="1.466" errors="0" timestamp="2025-07-29T00:45:49 IST" skipped="0">
  <testcase classname="tests.VerifyNegativeScenarioUserAndBook" name="testBookIsAdded" time="0.022"/>
  <testcase classname="tests.VerifyNegativeScenarioUserAndBook" name="deleteBookFromCollection" time="0.029"/>
  <testcase classname="tests.VerifyNegativeScenarioUserAndBook" name="updateBookInCollection" time="0.025"/>
  <testcase classname="tests.VerifyNegativeScenarioUserAndBook" name="test_CreateUserWithInvalidPassword" time="0.691"/>
  <testcase classname="tests.VerifyNegativeScenarioUserAndBook" name="createBookInCollection" time="0.021"/>
  <testcase classname="tests.VerifyNegativeScenarioUserAndBook" name="test_CreateUserWhenPayloadDataMissing" time="0.628"/>
  <testcase classname="tests.VerifyNegativeScenarioUserAndBook" name="testGenerateTokenInvalidCredentials" time="0.019"/>
  <testcase classname="tests.VerifyNegativeScenarioUserAndBook" name="checkIfBookDeleted" time="0.031"/>
</testsuite> <!-- tests.VerifyNegativeScenarioUserAndBook -->
